

Started GET "/" for 127.0.0.1 at 2012-03-27 22:00:18 -0400

ActionController::RoutingError (No route matches [GET] "/"):
  actionpack (3.2.2) lib/action_dispatch/middleware/debug_exceptions.rb:21:in `call'
  actionpack (3.2.2) lib/action_dispatch/middleware/show_exceptions.rb:56:in `call'
  railties (3.2.2) lib/rails/rack/logger.rb:26:in `call_app'
  railties (3.2.2) lib/rails/rack/logger.rb:16:in `call'
  actionpack (3.2.2) lib/action_dispatch/middleware/request_id.rb:22:in `call'
  rack (1.4.1) lib/rack/methodoverride.rb:21:in `call'
  rack (1.4.1) lib/rack/runtime.rb:17:in `call'
  activesupport (3.2.2) lib/active_support/cache/strategy/local_cache.rb:72:in `call'
  rack (1.4.1) lib/rack/lock.rb:15:in `call'
  actionpack (3.2.2) lib/action_dispatch/middleware/static.rb:61:in `call'
  railties (3.2.2) lib/rails/engine.rb:479:in `call'
  railties (3.2.2) lib/rails/application.rb:220:in `call'
  rack (1.4.1) lib/rack/content_length.rb:14:in `call'
  railties (3.2.2) lib/rails/rack/log_tailer.rb:14:in `call'
  rack (1.4.1) lib/rack/handler/webrick.rb:59:in `service'
  /home/brwillia/.rvm/rubies/ruby-1.9.2-p290/lib/ruby/1.9.1/webrick/httpserver.rb:111:in `service'
  /home/brwillia/.rvm/rubies/ruby-1.9.2-p290/lib/ruby/1.9.1/webrick/httpserver.rb:70:in `run'
  /home/brwillia/.rvm/rubies/ruby-1.9.2-p290/lib/ruby/1.9.1/webrick/server.rb:183:in `block in start_thread'


  Rendered /home/brwillia/.rvm/gems/ruby-1.9.2-p290/gems/actionpack-3.2.2/lib/action_dispatch/middleware/templates/rescues/routing_error.erb within rescues/layout (9.0ms)


Started GET "/pages/home" for 127.0.0.1 at 2012-03-27 22:00:26 -0400
Processing by PagesController#home as HTML
  Rendered pages/home.html.erb within layouts/application (0.3ms)
Compiled pages.css  (115ms)  (pid 3241)
Compiled application.css  (119ms)  (pid 3241)
Compiled jquery.js  (1ms)  (pid 3241)
Compiled jquery_ujs.js  (0ms)  (pid 3241)
Compiled pages.js  (375ms)  (pid 3241)
Compiled application.js  (468ms)  (pid 3241)
Completed 200 OK in 657ms (Views: 656.4ms | ActiveRecord: 0.0ms)


Started GET "/assets/pages.css?body=1" for 127.0.0.1 at 2012-03-27 22:00:27 -0400
Served asset /pages.css - 200 OK (3ms)


Started GET "/assets/pages.js?body=1" for 127.0.0.1 at 2012-03-27 22:00:27 -0400
Served asset /pages.js - 200 OK (1ms)


Started GET "/assets/application.css?body=1" for 127.0.0.1 at 2012-03-27 22:00:27 -0400
Served asset /application.css - 304 Not Modified (1ms)


Started GET "/assets/jquery_ujs.js?body=1" for 127.0.0.1 at 2012-03-27 22:00:27 -0400
Served asset /jquery_ujs.js - 304 Not Modified (1ms)


Started GET "/assets/jquery.js?body=1" for 127.0.0.1 at 2012-03-27 22:00:27 -0400
Served asset /jquery.js - 304 Not Modified (2ms)


Started GET "/assets/application.js?body=1" for 127.0.0.1 at 2012-03-27 22:00:27 -0400
Served asset /application.js - 200 OK (4ms)
